<?xml version="1.0" encoding="UTF-8"?>
<!-- Generated by org.testng.reporters.JUnitXMLReporter -->
<testsuite hostname="DESKTOP-E7C44F9" ignored="1" name="Default test" tests="14" failures="0" timestamp="04 Nov 2019 12:11:54 GMT" time="24.34" errors="0">
  <testcase name="users" time="4.196" classname="com.APITesting.NewTest"/>
  <testcase name="users" time="1.52" classname="com.APITesting.NewTest"/>
  <testcase name="users" time="1.55" classname="com.APITesting.NewTest"/>
  <testcase name="users" time="1.45" classname="com.APITesting.NewTest"/>
  <testcase name="users" time="1.511" classname="com.APITesting.NewTest"/>
  <testcase name="users" time="1.437" classname="com.APITesting.NewTest"/>
  <testcase name="users" time="1.432" classname="com.APITesting.NewTest"/>
  <testcase name="users" time="1.532" classname="com.APITesting.NewTest"/>
  <testcase name="users" time="1.503" classname="com.APITesting.NewTest"/>
  <testcase name="users" time="1.431" classname="com.APITesting.NewTest"/>
  <testcase name="users" time="1.467" classname="com.APITesting.NewTest"/>
  <testcase name="users" time="1.462" classname="com.APITesting.NewTest"/>
  <testcase name="users" time="1.541" classname="com.APITesting.NewTest"/>
  <testcase name="users" time="1.459" classname="com.APITesting.NewTest"/>
  <testcase name="pokemonAPITests" time="0.0" classname="com.APITesting.NewTest">
    <ignored/>
  </testcase> <!-- pokemonAPITests -->
</testsuite> <!-- Default test -->
